<?xml version="1.0" encoding="UTF-8"?>
<!-- Generated by org.testng.reporters.JUnitReportReporter -->
<testsuite skipped="0" hostname="DESKTOP-SKO4EKV" name="testcases.Guru99TestCase" tests="4" failures="0" timestamp="14 May 2019 13:19:26 GMT" time="11.987" errors="0">
  <testcase name="loginApp" time="1.689" classname="testcases.Guru99TestCase"/>
  <testcase name="createNewCustomer" time="3.279" classname="testcases.Guru99TestCase"/>
  <testcase name="editCustomer" time="5.413" classname="testcases.Guru99TestCase"/>
  <testcase name="deleteCustomer" time="1.606" classname="testcases.Guru99TestCase"/>
</testsuite> <!-- testcases.Guru99TestCase -->
