<?xml version="1.0" encoding="UTF-8"?>
<!-- Generated by org.testng.reporters.JUnitReportReporter -->
<testsuite skipped="0" hostname="DESKTOP-SKO4EKV" name="testPkg.TestClass" tests="1" failures="0" timestamp="15 May 2019 12:04:35 GMT" time="0.009" errors="0">
  <testcase name="iframe" time="0.009" classname="testPkg.TestClass"/>
</testsuite> <!-- testPkg.TestClass -->
