<?xml version="1.0" encoding="UTF-8"?>
<!-- Generated by org.testng.reporters.JUnitReportReporter -->
<testsuite skipped="0" hostname="DESKTOP-SKO4EKV" name="testPkg.TestScreenshot" tests="1" failures="0" timestamp="15 May 2019 06:24:18 GMT" time="18.788" errors="0">
  <testcase name="test" time="18.788" classname="testPkg.TestScreenshot"/>
</testsuite> <!-- testPkg.TestScreenshot -->
