<?xml version="1.0" encoding="UTF-8"?>
<!-- Generated by org.testng.reporters.JUnitReportReporter -->
<testsuite skipped="0" hostname="DESKTOP-HBBK8TH" name="testcases.CheckGitCommit" tests="3" failures="0" timestamp="17 Aug 2019 03:22:58 GMT" time="0.060" errors="0">
  <testcase name="test3" time="0.012" classname="testcases.CheckGitCommit"/>
  <testcase name="test2" time="0.012" classname="testcases.CheckGitCommit"/>
  <testcase name="test1" time="0.036" classname="testcases.CheckGitCommit"/>
</testsuite> <!-- testcases.CheckGitCommit -->
