<?xml version="1.0" encoding="UTF-8"?>
<!-- Generated by org.testng.reporters.JUnitReportReporter -->
<testsuite skipped="0" hostname="DESKTOP-SKO4EKV" name="testcases.MakeMytrip" tests="1" failures="0" timestamp="17 Jun 2019 09:13:23 GMT" time="4.405" errors="0">
  <testcase name="testMakeMytrip" time="4.405" classname="testcases.MakeMytrip"/>
</testsuite> <!-- testcases.MakeMytrip -->
