<?xml version="1.0" encoding="UTF-8"?>
<!-- Generated by org.testng.reporters.JUnitReportReporter -->
<testsuite skipped="0" hostname="DESKTOP-SKO4EKV" name="testcases.Test2" tests="1" failures="0" timestamp="19 Jun 2019 14:15:34 GMT" time="12.580" errors="0">
  <testcase name="testMakeMytrip" time="12.580" classname="testcases.Test2"/>
</testsuite> <!-- testcases.Test2 -->
